C0: Testing consistency of β = 5/2
C1: σ(r) = 1 at r = ConditionalExpression[(5*μ)/(2*cs^2), Element[m, Reals] && Element[Q, Reals] && Element[r0, Reals] && Element[rThroat, Reals] && Element[κg, Reals] && Element[ξ, Reals] && Element[ρ0, Reals]]
C1: r_breakdown = 5/4 × r_Schwarzschild
C1: 1PN breaks down outside horizon? True
C2: m_eff at r_breakdown = 2*m
C2: m_eff > 0 for r > r_breakdown? cs^2*m*r*(2*cs^2*r + 5*μ) > 0
C3: From Bernoulli, δρ/ρ0 = μ/(cs^2*r)
C3: If m_eff = m(1 + κ δρ/ρ0), then σ(r) = (κ*μ)/(cs^2*r)
C3: Matching σ requires κ = 5/2
C3: κ = β? True
C4: lim_{cs→∞} σ(r) = 0
C4: lim_{cs→∞} Φ_eff(r) = -(μ/r)
C4: lim_{cs→∞} L = (m*(r*rdot^2 + r^3*θdot^2 + 2*μ))/(2*r)
C4: Newtonian Lagrangian recovered? True
C5: p_r = m*rdot*(1 + (5*μ)/(2*cs^2*r))
C5: p_θ = (m*r*θdot*(2*r + (5*μ)/cs^2))/2
C5: H(r, p_r, p_θ) = (-12*cs^2*m^2*r*μ^2 - 5*m^2*μ^3 + 2*cs^4*r*(pθ^2 + r*(pr^2*r - 2*m^2*μ)))/(2*cs^2*m*r^2*(2*cs^2*r + 5*μ))
C5: lim_{cs→∞} H = (pθ^2 + pr^2*r^2 - 2*m^2*r*μ)/(2*m*r^2)
C5: H has no explicit time dependence? True
C6: Local density ρ(r) = (1 + μ/(cs^2*r))*ρ0
C6: F_Magnus(ρ_local) / F_Magnus(ρ0) = 1 + μ/(cs^2*r)
C6: Fractional Magnus correction = μ/(cs^2*r)
C6: Magnus correction is O(μ/(cs² r)) i.e. O(1PN)? True
C7: Standard E_cav = m cs² = cs^2*m
C7: Modified E_cav(r) = m_eff(r) cs² = cs^2*m + (5*m*μ)/(2*r)
C7: δE_cav(r) = (5*m*μ)/(2*r)
C7: δE_cav / |U_Newton| = 5/2
C7: This equals β = 5/2? True
C8: σ(r) in sink variables = (5*Q*κg)/(2*cs^2*r*ρ0)
C8: v_orbit / v_sink = 4*Pi*Sqrt[(r^3*κg*ρ0)/Q]
C8: v_orbit/cs = Sqrt[μ/r]/cs
C8: 1PN valid when μ/(cs² r) < 1, same as σ/β < 1
C9: Integrand for T_fluid = Q^2/(8*Pi*rr^2*ρ0)
C9: T_fluid (sink flow KE from r=a to ∞) = Q^2/(8*a*Pi*ρ0)
C9: T_fluid in terms of μ = (μ^2*ρ0)/(8*a*Pi*κg^2)
C9: T_fluid / (m cs²) with m ~ μ/cs² = (μ*ρ0)/(8*a*Pi*κg^2)
C10: β = 5/2 decomposition:
C10: If κ_ρ (direct density) = 1
C10: Then κ_add + κ_PV (added mass + PV work) = 3/2
C10: Classical added mass coefficient C_add = 1/2 for sphere
C10: Remaining after κ_ρ=1, κ_add=1/2: κ_PV = 1
C10: This suggests PV work contributes κ_PV = 1
C11: ∇(δρ) = d(δρ)/dr = -((μ*ρ0)/(cs^2*r^2))
C11: ∇P = cs² ∇(δρ) = -((μ*ρ0)/r^2)
C11: Pressure force density = -∇P = (μ*ρ0)/r^2
C12: Spin-orbit force correction δF/F = μ/(cs^2*r)
C12: Same O(1PN) as gravity correction? True

=============================================================
CONSISTENCY CHECK SUMMARY FOR β = 5/2
=============================================================
  C1: 1PN valid outside 5/4 r_s: True
  C3: σ derives from Bernoulli with κ = β: True
  C4: Newtonian limit recovered: True
  C5: Energy conserved (H time-independent): True
  C6: Magnus correction is O(1PN): True
  C7: δE_cav/|U| = β: True
  C12: Spin-orbit correction is O(1PN): True
=============================================================
All consistency checks: {True, True, True, True, True, True, True}
=============================================================

KEY PHYSICAL FINDINGS:
  1. β = 5/2 breaks down at r = (5/4) r_s - just outside horizon
  2. Magnus/spin-orbit forces get O(1PN) corrections from local ρ
  3. Rest mass gets position-dependent correction δE = β m μ/r
  4. β may decompose as: 1 (density) + 1/2 (added mass) + 1 (PV work)
=============================================================

