STAGE A: Wave PDE → Retarded potential (structural assumptions)
----------------------------------------------------------------
  Expansion of 1/(1 - n·v/cs) up to O((n·v/cs)^3):
    1 + ndotv/cs + ndotv^2/cs^2 + ndotv^3/cs^3
  Series check (matches 1 + (n·v)/cs + (n·v)^2/cs^2 + (n·v)^3/cs^3): True

STAGE B: Near-zone expansion → Effective 1/r^3 correction (μ, cs)
----------------------------------------------------------------
B1: 1/(1 - v cosθ / cs) expanded in v:
    1 + (v*Cos[th])/cs + (v^2*Cos[th]^2)/cs^2 + (v^3*Cos[th]^3)/cs^3 + (v^4*Cos[th]^4)/cs^4

B2: Orbit averages:
    <cos θ>   = 0
    <cos^2 θ> = 1/2
    <cos^3 θ> = 0
    <cos^4 θ> = 3/8
    Averages match expected values? True

B3: Orbit-averaged retarded factor <1/(1 - v cosθ/cs)>:
    1 + v^2/(2*cs^2) + (3*v^4)/(8*cs^4)
    Series in powers of v (after averaging):
    1 + v^2/(2*cs^2) + (3*v^4)/(8*cs^4)
    Leading correction v^2/(2 cs^2) confirmed? True

B4: Circular orbit potential correction δΦ_circ(r):
    δΦ_circ(r) = -1/2*μ^2/(cs^2*r^2)

B5: Effective potential (near-zone, leading order, μ only):
    Φ_eff(r) = -(μ/r) - μ^2/(2*cs^2*r^2)

B6: Force from Φ_eff:
    F(r) = -((μ*(cs^2*r + μ))/(cs^2*r^3))
    Newtonian-like piece: F_N(r) = -(μ/r^2)
    Correction piece:     F_corr(r) = -(μ^2/(cs^2*r^3))
    Power of r in correction term: -3
    Is correction ∝ 1/r^3 ? True

B7: Precession Δφ_Toy(a,e) from δU = -ε/(2 r^2):
    ε = μ^2 / cs^2
    Δφ_Toy(a,e) = (Pi*μ)/(a*cs^2 - a*cs^2*e^2)
    Δφ_Toy × a = -((Pi*μ)/(cs^2*(-1 + e^2)))
    Independent of a? (Δφ ∝ 1/a) True

STAGE C: Comparison to GR 1PN (test-mass precession)
----------------------------------------------------------------
C1: GR 1PN precession (input):
    Δφ_GR(a,e) = (6*Gphys*Mphys*Pi)/(a*c^2*(1 - e^2))

C2: Precession ratio Δφ_SF / Δφ_GR = (c^2*μ)/(6*cs^2*Gphys*Mphys)
    Simplified ratio = (c^2*μ)/(6*cs^2*Gphys*Mphys)
C3: μ that makes Δφ_SF = Δφ_GR: {{μ -> (6*cs^2*Gphys*Mphys)/c^2}}

=============================================================
CHECK SUMMARY
=============================================================
  Stage A: series expansion of LW factor:                    True
  Stage B: orbit averages, 1/r^3 force, Δφ_Toy ∝ 1/a:        True
  Stage C: GR precession comparison:                         True

  ALL PROGRAMMATIC CHECKS (Stages A & B): PASSED ✓

=============================================================
CONCLUSIONS (what this script actually verifies)
=============================================================
  1. Assumes the standard scalar wave Green's function and
     Liénard–Wiechert-like retarded factor with sound speed cs.

  2. Given Φ_ret = q/[R (1 - n·v/cs)], it verifies that the
     near-zone, orbit-averaged correction to the toy potential
       Φ_N(r) = -μ/r
     is
       δΦ(r) = - μ^2 / (2 cs^2 r^2),
     which implies a force correction
       δF(r) ∝ - 1/r^3.

  3. It shows that the secular precession in the toy model is
       Δφ_SF(a,e) = π μ / (cs^2 a (1-e^2)), so Δφ ∝ 1/(a (1-e^2)),
     matching the structural 1PN form without ever introducing G.

  4. Only in Stage C do we introduce physical GR parameters
     G_phys, M_phys, c, and compare Δφ_SF to the standard
     Δφ_GR = 6 π G_phys M_phys / (c^2 a (1-e^2)). Mathematica
     derives the ratio and the μ needed to match GR exactly.

  Thus, orbits in the toy model can be computed using μ and cs
  alone, while any identification μ ↔ G_phys M_phys is a mapping
  step used only for GR comparison, not an input to the PDEs.
=============================================================
